<?xml version="1.0" encoding="UTF-8"?>
<!-- Generated by org.testng.reporters.JUnitReportReporter -->
<testsuite skipped="0" hostname="DESKTOP-17PQN8B" name="JDBC.Practice.Annotation2" tests="4" failures="0" timestamp="19 Jul 2022 06:58:03 GMT" time="0.008" errors="0">
  <testcase name="mainMethod4" time="0.002" classname="JDBC.Practice.Annotation2"/>
  <testcase name="mainMethod4" time="0.002" classname="JDBC.Practice.Annotation2"/>
  <testcase name="mainMethod3" time="0.002" classname="JDBC.Practice.Annotation2"/>
  <testcase name="mainMethod3" time="0.002" classname="JDBC.Practice.Annotation2"/>
</testsuite> <!-- JDBC.Practice.Annotation2 -->
