<?xml version="1.0" encoding="UTF-8"?>
<!-- Generated by org.testng.reporters.JUnitReportReporter -->
<testsuite skipped="0" hostname="DESKTOP-17PQN8B" name="practic.TimePassClass" tests="1" failures="0" timestamp="08 Aug 2022 04:01:39 GMT" time="115.289" errors="0">
  <testcase name="timePassMethod" time="115.289" classname="practic.TimePassClass"/>
</testsuite> <!-- practic.TimePassClass -->
