<?xml version="1.0" encoding="UTF-8"?>
<!-- Generated by org.testng.reporters.JUnitReportReporter -->
<testsuite skipped="0" hostname="DESKTOP-17PQN8B" name="com.Vtiger.Tests.CreatecontactAndDeleteOneByOneTest" tests="1" failures="0" timestamp="28 Jul 2022 07:14:21 GMT" time="145.969" errors="0">
  <testcase name="ContactsTestCaseTest" time="145.969" classname="com.Vtiger.Tests.CreatecontactAndDeleteOneByOneTest"/>
</testsuite> <!-- com.Vtiger.Tests.CreatecontactAndDeleteOneByOneTest -->
