<?xml version="1.0" encoding="UTF-8"?>
<!-- Generated by org.testng.reporters.JUnitReportReporter -->
<testsuite skipped="0" hostname="DESKTOP-17PQN8B" name="com.Vtiger.Tests.CreateCampaignsAndDeleteTest" tests="1" failures="0" timestamp="02 Aug 2022 12:12:39 GMT" time="77.389" errors="0">
  <testcase name="ScriptTest4Test" time="77.389" classname="com.Vtiger.Tests.CreateCampaignsAndDeleteTest"/>
</testsuite> <!-- com.Vtiger.Tests.CreateCampaignsAndDeleteTest -->
