<?xml version="1.0" encoding="UTF-8"?>
<!-- Generated by org.testng.reporters.JUnitReportReporter -->
<testsuite skipped="0" hostname="DESKTOP-17PQN8B" name="practic.CricketBug" tests="2" failures="0" timestamp="13 Aug 2022 09:10:07 GMT" time="7.921" errors="0">
  <testcase name="DynamicXpath" time="7.017" classname="practic.CricketBug"/>
  <testcase name="getliveScore" time="0.904" classname="practic.CricketBug"/>
</testsuite> <!-- practic.CricketBug -->
