<?xml version="1.0" encoding="UTF-8"?>
<!-- Generated by org.testng.reporters.JUnitReportReporter -->
<testsuite skipped="0" hostname="DESKTOP-17PQN8B" name="Vtiger.VtigerTestCase1" tests="1" failures="0" timestamp="25 Jul 2022 05:37:50 GMT" time="39.607" errors="0">
  <testcase name="testScript" time="39.607" classname="Vtiger.VtigerTestCase1"/>
</testsuite> <!-- Vtiger.VtigerTestCase1 -->
