<?xml version="1.0" encoding="UTF-8"?>
<!-- Generated by org.testng.reporters.JUnitReportReporter -->
<testsuite skipped="0" hostname="DESKTOP-17PQN8B" name="practic.SwitchtToWindow" tests="1" failures="0" timestamp="27 Aug 2022 14:18:16 GMT" time="8.826" errors="0">
  <testcase name="ebay" time="8.826" classname="practic.SwitchtToWindow"/>
</testsuite> <!-- practic.SwitchtToWindow -->
