<?xml version="1.0" encoding="UTF-8"?>
<!-- Generated by org.testng.reporters.JUnitReportReporter -->
<testsuite skipped="0" hostname="DESKTOP-17PQN8B" name="JDBC.Practice.ExecuteQuerryTest" tests="1" failures="0" timestamp="28 Jun 2022 05:32:09 GMT" time="0.332" errors="0">
  <testcase name="executeQueryTest" time="0.332" classname="JDBC.Practice.ExecuteQuerryTest"/>
</testsuite> <!-- JDBC.Practice.ExecuteQuerryTest -->
