<?xml version="1.0" encoding="UTF-8"?>
<!-- Generated by org.testng.reporters.JUnitReportReporter -->
<testsuite skipped="0" hostname="DESKTOP-17PQN8B" name="com.Vtiger.Tests.CreateOrganizationTestCaseAndVerifyTest" tests="1" failures="0" timestamp="27 Jul 2022 12:30:48 GMT" time="60.797" errors="0">
  <testcase name="testScriptTest2" time="60.797" classname="com.Vtiger.Tests.CreateOrganizationTestCaseAndVerifyTest"/>
</testsuite> <!-- com.Vtiger.Tests.CreateOrganizationTestCaseAndVerifyTest -->
