<?xml version="1.0" encoding="UTF-8"?>
<!-- Generated by org.testng.reporters.JUnitReportReporter -->
<testsuite skipped="0" hostname="DESKTOP-17PQN8B" name="Vtiger.VtigerTestCase3" tests="1" failures="0" timestamp="25 Jul 2022 05:37:50 GMT" time="71.688" errors="0">
  <testcase name="ScriptTest4" time="71.688" classname="Vtiger.VtigerTestCase3"/>
</testsuite> <!-- Vtiger.VtigerTestCase3 -->
