<?xml version="1.0" encoding="UTF-8"?>
<!-- Generated by org.testng.reporters.JUnitReportReporter -->
<testsuite skipped="0" hostname="DESKTOP-17PQN8B" name="com.Vtiger.Tests.CreateContactAndSinoutTest" tests="1" failures="0" timestamp="28 Jul 2022 07:14:21 GMT" time="59.197" errors="0">
  <testcase name="testScript3Test" time="59.197" classname="com.Vtiger.Tests.CreateContactAndSinoutTest"/>
</testsuite> <!-- com.Vtiger.Tests.CreateContactAndSinoutTest -->
