<?xml version="1.0" encoding="UTF-8"?>
<!-- Generated by org.testng.reporters.JUnitReportReporter -->
<testsuite skipped="0" hostname="DESKTOP-17PQN8B" name="com.Vtiger.Tests.CreateContactAndSinoutTest" tests="1" failures="0" timestamp="27 Jul 2022 12:30:48 GMT" time="69.167" errors="0">
  <testcase name="testScript3Test" time="69.167" classname="com.Vtiger.Tests.CreateContactAndSinoutTest"/>
</testsuite> <!-- com.Vtiger.Tests.CreateContactAndSinoutTest -->
