<?xml version="1.0" encoding="UTF-8"?>
<!-- Generated by org.testng.reporters.JUnitReportReporter -->
<testsuite skipped="0" hostname="DESKTOP-17PQN8B" name="JDBC.Practice.Annotation3" tests="2" failures="0" timestamp="19 Jul 2022 08:09:04 GMT" time="4.962" errors="0">
  <testcase name="mainMethod5" time="4.960" classname="JDBC.Practice.Annotation3"/>
  <testcase name="mainMethod6" time="0.002" classname="JDBC.Practice.Annotation3"/>
</testsuite> <!-- JDBC.Practice.Annotation3 -->
