<?xml version="1.0" encoding="UTF-8"?>
<!-- Generated by org.testng.reporters.JUnitReportReporter -->
<testsuite skipped="0" hostname="DESKTOP-17PQN8B" name="Vtiger.VtigerTestCase5" tests="1" failures="0" timestamp="25 Jul 2022 05:37:50 GMT" time="146.225" errors="0">
  <testcase name="ContactsTestCase" time="146.225" classname="Vtiger.VtigerTestCase5"/>
</testsuite> <!-- Vtiger.VtigerTestCase5 -->
