<?xml version="1.0" encoding="UTF-8"?>
<!-- Generated by org.testng.reporters.JUnitReportReporter -->
<testsuite skipped="0" hostname="DESKTOP-17PQN8B" name="JDBC.Practice.ExecuteUpdatedTest" tests="1" failures="0" timestamp="27 Jun 2022 10:02:38 GMT" time="0.293" errors="0">
  <testcase name="ExecuteUpdatTest" time="0.293" classname="JDBC.Practice.ExecuteUpdatedTest"/>
</testsuite> <!-- JDBC.Practice.ExecuteUpdatedTest -->
