<?xml version="1.0" encoding="UTF-8"?>
<!-- Generated by org.testng.reporters.JUnitReportReporter -->
<testsuite skipped="0" hostname="DESKTOP-17PQN8B" name="com.Vtiger.Tests.CreateOrganizationTest" tests="1" failures="0" timestamp="27 Jul 2022 12:30:48 GMT" time="47.330" errors="0">
  <testcase name="TestScriptTest1" time="47.330" classname="com.Vtiger.Tests.CreateOrganizationTest"/>
</testsuite> <!-- com.Vtiger.Tests.CreateOrganizationTest -->
