<?xml version="1.0" encoding="UTF-8"?>
<!-- Generated by org.testng.reporters.JUnitReportReporter -->
<testsuite skipped="0" hostname="DESKTOP-17PQN8B" name="com.Vtiger.Tests.CreateCampaignsAndDeleteTest" tests="1" failures="0" timestamp="28 Jul 2022 07:14:21 GMT" time="72.860" errors="0">
  <testcase name="ScriptTest4Test" time="72.860" classname="com.Vtiger.Tests.CreateCampaignsAndDeleteTest"/>
</testsuite> <!-- com.Vtiger.Tests.CreateCampaignsAndDeleteTest -->
