<?xml version="1.0" encoding="UTF-8"?>
<!-- Generated by org.testng.reporters.JUnitReportReporter -->
<testsuite skipped="0" hostname="DESKTOP-17PQN8B" name="JDBC.Practice.Annotation1" tests="1" failures="0" timestamp="19 Jul 2022 08:09:04 GMT" time="0.003" errors="0">
  <testcase name="mainMethod2" time="0.003" classname="JDBC.Practice.Annotation1"/>
</testsuite> <!-- JDBC.Practice.Annotation1 -->
