<?xml version="1.0" encoding="UTF-8"?>
<!-- Generated by org.testng.reporters.JUnitReportReporter -->
<testsuite skipped="0" hostname="DESKTOP-17PQN8B" name="JDBC.Practice.Reports" tests="1" failures="0" timestamp="08 Jul 2022 08:39:08 GMT" time="5.110" errors="0">
  <testcase name="reportCreation" time="5.110" classname="JDBC.Practice.Reports"/>
</testsuite> <!-- JDBC.Practice.Reports -->
