<?xml version="1.0" encoding="UTF-8"?>
<!-- Generated by org.testng.reporters.JUnitReportReporter -->
<testsuite skipped="0" hostname="DESKTOP-17PQN8B" name="com.Vtiger.Tests.CreateOrganizationTest" tests="1" failures="0" timestamp="02 Aug 2022 12:01:54 GMT" time="44.540" errors="0">
  <testcase name="TestScriptTest1" time="44.540" classname="com.Vtiger.Tests.CreateOrganizationTest"/>
</testsuite> <!-- com.Vtiger.Tests.CreateOrganizationTest -->
