<?xml version="1.0" encoding="UTF-8"?>
<!-- Generated by org.testng.reporters.JUnitReportReporter -->
<testsuite skipped="0" hostname="DESKTOP-17PQN8B" name="com.Vtiger.Tests.CreateContactAndSinoutTest" tests="1" failures="0" timestamp="02 Aug 2022 12:12:39 GMT" time="64.236" errors="0">
  <testcase name="testScript3Test" time="64.236" classname="com.Vtiger.Tests.CreateContactAndSinoutTest"/>
</testsuite> <!-- com.Vtiger.Tests.CreateContactAndSinoutTest -->
