<?xml version="1.0" encoding="UTF-8"?>
<!-- Generated by org.testng.reporters.JUnitReportReporter -->
<testsuite skipped="0" hostname="DESKTOP-17PQN8B" name="com.Vtiger.Tests.CreateOrganizationTestCase" tests="1" failures="0" timestamp="27 Jul 2022 04:08:04 GMT" time="45.725" errors="0">
  <testcase name="TestScriptTest1" time="45.725" classname="com.Vtiger.Tests.CreateOrganizationTestCase"/>
</testsuite> <!-- com.Vtiger.Tests.CreateOrganizationTestCase -->
