<?xml version="1.0" encoding="UTF-8"?>
<!-- Generated by org.testng.reporters.JUnitReportReporter -->
<testsuite skipped="0" hostname="DESKTOP-17PQN8B" name="com.Vtiger.Tests.CreatecontactAndDeleteOneByOneTest" tests="1" failures="0" timestamp="27 Jul 2022 12:30:48 GMT" time="156.131" errors="0">
  <testcase name="ContactsTestCaseTest" time="156.131" classname="com.Vtiger.Tests.CreatecontactAndDeleteOneByOneTest"/>
</testsuite> <!-- com.Vtiger.Tests.CreatecontactAndDeleteOneByOneTest -->
